[13:15:02] [Server thread/INFO]: Starting minecraft server version 1.8.8
[13:15:02] [Server thread/INFO]: Loading properties
[13:15:02] [Server thread/INFO]: Default game type: SURVIVAL
[13:15:03] [Server thread/INFO]: This server is running CraftBukkit version git-Spigot-db6de12-18fbb24 (MC: 1.8.8) (Implementing API version 1.8.8-R0.1-SNAPSHOT)
[13:15:03] [Server thread/INFO]: Debug logging is disabled
[13:15:03] [Server thread/INFO]: Using 4 threads for Netty based IO
[13:15:03] [Server thread/INFO]: Server Ping Player Sample Count: 12
[13:15:03] [Server thread/INFO]: Generating keypair
[13:15:03] [Server thread/INFO]: Starting Minecraft server on *:25565
[13:15:03] [Server thread/INFO]: Using default channel type
[13:15:03] [Server thread/INFO]: Set PluginClassLoader as parallel capable
[13:15:03] [Server thread/INFO]: [Example] Loading Example v1.0
[13:15:03] [Server thread/INFO]: **** Beginning UUID conversion, this may take A LONG time ****
[13:15:03] [Server thread/INFO]: Preparing level "pvpmap"
[13:15:03] [Server thread/INFO]: -------- World Settings For [pvpmap] --------
[13:15:03] [Server thread/INFO]: Arrow Despawn Rate: 1200
[13:15:03] [Server thread/INFO]: Zombie Aggressive Towards Villager: true
[13:15:03] [Server thread/INFO]: Allow Zombie Pigmen to spawn from portal blocks: true
[13:15:03] [Server thread/INFO]: Item Despawn Rate: 6000
[13:15:03] [Server thread/INFO]: Item Merge Radius: 2.5
[13:15:03] [Server thread/INFO]: Experience Merge Radius: 3.0
[13:15:03] [Server thread/INFO]: Chunks to Grow per Tick: 650
[13:15:03] [Server thread/INFO]: Clear tick list: false
[13:15:03] [Server thread/INFO]: View Distance: 10
[13:15:03] [Server thread/INFO]: Nerfing mobs spawned from spawners: false
[13:15:03] [Server thread/INFO]: Mob Spawn Range: 4
[13:15:03] [Server thread/INFO]: Anti X-Ray: true
[13:15:03] [Server thread/INFO]: 	Engine Mode: 1
[13:15:03] [Server thread/INFO]: 	Hidden Blocks: [14, 15, 16, 21, 48, 49, 54, 56, 73, 74, 82, 129, 130]
[13:15:03] [Server thread/INFO]: 	Replace Blocks: [1, 5]
[13:15:03] [Server thread/INFO]: Structure Info Saving: true
[13:15:03] [Server thread/INFO]: Tile Max Tick Time: 50ms Entity max Tick Time: 50ms
[13:15:03] [Server thread/INFO]: Entity Tracking Range: Pl 48 / An 48 / Mo 48 / Mi 32 / Other 64
[13:15:03] [Server thread/INFO]: Cactus Growth Modifier: 100%
[13:15:03] [Server thread/INFO]: Cane Growth Modifier: 100%
[13:15:03] [Server thread/INFO]: Melon Growth Modifier: 100%
[13:15:03] [Server thread/INFO]: Mushroom Growth Modifier: 100%
[13:15:03] [Server thread/INFO]: Pumpkin Growth Modifier: 100%
[13:15:03] [Server thread/INFO]: Sapling Growth Modifier: 100%
[13:15:03] [Server thread/INFO]: Wheat Growth Modifier: 100%
[13:15:03] [Server thread/INFO]: NetherWart Growth Modifier: 100%
[13:15:03] [Server thread/INFO]: Entity Activation Range: An 32 / Mo 32 / Mi 16
[13:15:03] [Server thread/INFO]: Random Lighting Updates: false
[13:15:03] [Server thread/INFO]: Max TNT Explosions: 100
[13:15:03] [Server thread/INFO]: Hopper Transfer: 8 Hopper Check: 8 Hopper Amount: 1
[13:15:03] [Server thread/INFO]: Sending up to 10 chunks per packet
[13:15:03] [Server thread/INFO]: Max Entity Collisions: 8
[13:15:03] [Server thread/INFO]: Custom Map Seeds:  Village: 10387312 Feature: 14357617
[13:15:03] [Server thread/INFO]: -------- World Settings For [pvpmap_the_end] --------
[13:15:03] [Server thread/INFO]: Arrow Despawn Rate: 1200
[13:15:03] [Server thread/INFO]: Zombie Aggressive Towards Villager: true
[13:15:03] [Server thread/INFO]: Allow Zombie Pigmen to spawn from portal blocks: true
[13:15:03] [Server thread/INFO]: Item Despawn Rate: 6000
[13:15:03] [Server thread/INFO]: Item Merge Radius: 2.5
[13:15:03] [Server thread/INFO]: Experience Merge Radius: 3.0
[13:15:03] [Server thread/INFO]: Chunks to Grow per Tick: 650
[13:15:03] [Server thread/INFO]: Clear tick list: false
[13:15:03] [Server thread/INFO]: View Distance: 10
[13:15:03] [Server thread/INFO]: Nerfing mobs spawned from spawners: false
[13:15:03] [Server thread/INFO]: Mob Spawn Range: 4
[13:15:03] [Server thread/INFO]: Anti X-Ray: true
[13:15:03] [Server thread/INFO]: 	Engine Mode: 1
[13:15:03] [Server thread/INFO]: 	Hidden Blocks: [14, 15, 16, 21, 48, 49, 54, 56, 73, 74, 82, 129, 130]
[13:15:03] [Server thread/INFO]: 	Replace Blocks: [1, 5]
[13:15:03] [Server thread/INFO]: Structure Info Saving: true
[13:15:03] [Server thread/INFO]: Tile Max Tick Time: 50ms Entity max Tick Time: 50ms
[13:15:03] [Server thread/INFO]: Entity Tracking Range: Pl 48 / An 48 / Mo 48 / Mi 32 / Other 64
[13:15:03] [Server thread/INFO]: Cactus Growth Modifier: 100%
[13:15:03] [Server thread/INFO]: Cane Growth Modifier: 100%
[13:15:03] [Server thread/INFO]: Melon Growth Modifier: 100%
[13:15:03] [Server thread/INFO]: Mushroom Growth Modifier: 100%
[13:15:03] [Server thread/INFO]: Pumpkin Growth Modifier: 100%
[13:15:03] [Server thread/INFO]: Sapling Growth Modifier: 100%
[13:15:03] [Server thread/INFO]: Wheat Growth Modifier: 100%
[13:15:03] [Server thread/INFO]: NetherWart Growth Modifier: 100%
[13:15:03] [Server thread/INFO]: Entity Activation Range: An 32 / Mo 32 / Mi 16
[13:15:03] [Server thread/INFO]: Random Lighting Updates: false
[13:15:03] [Server thread/INFO]: Max TNT Explosions: 100
[13:15:03] [Server thread/INFO]: Hopper Transfer: 8 Hopper Check: 8 Hopper Amount: 1
[13:15:03] [Server thread/INFO]: Sending up to 10 chunks per packet
[13:15:03] [Server thread/INFO]: Max Entity Collisions: 8
[13:15:03] [Server thread/INFO]: Custom Map Seeds:  Village: 10387312 Feature: 14357617
[13:15:03] [Server thread/INFO]: Preparing start region for level 0 (Seed: 0)
[13:15:04] [Server thread/INFO]: Preparing start region for level 1 (Seed: 6199157880584264782)
[13:15:04] [Server thread/INFO]: [Example] Enabling Example v1.0
[13:15:04] [Server thread/INFO]: [Example] onEnable has been invoked!
[13:15:04] [Server thread/ERROR]: Error occurred while enabling Example v1.0 (Is it up to date?)
java.lang.IllegalArgumentException: An objective of name 'health' already exists
	at org.apache.commons.lang.Validate.isTrue(Validate.java:136) ~[spigot.jar:git-Spigot-db6de12-18fbb24]
	at org.bukkit.craftbukkit.v1_8_R3.scoreboard.CraftScoreboard.registerNewObjective(CraftScoreboard.java:31) ~[spigot.jar:git-Spigot-db6de12-18fbb24]
	at org.bukkit.craftbukkit.v1_8_R3.scoreboard.CraftScoreboard.registerNewObjective(CraftScoreboard.java:1) ~[spigot.jar:git-Spigot-db6de12-18fbb24]
	at com.smittycraft.Core.registerHealthTag(Core.java:29) ~[?:?]
	at com.smittycraft.Core.onEnable(Core.java:20) ~[?:?]
	at org.bukkit.plugin.java.JavaPlugin.setEnabled(JavaPlugin.java:321) ~[spigot.jar:git-Spigot-db6de12-18fbb24]
	at org.bukkit.plugin.java.JavaPluginLoader.enablePlugin(JavaPluginLoader.java:340) [spigot.jar:git-Spigot-db6de12-18fbb24]
	at org.bukkit.plugin.SimplePluginManager.enablePlugin(SimplePluginManager.java:405) [spigot.jar:git-Spigot-db6de12-18fbb24]
	at org.bukkit.craftbukkit.v1_8_R3.CraftServer.loadPlugin(CraftServer.java:357) [spigot.jar:git-Spigot-db6de12-18fbb24]
	at org.bukkit.craftbukkit.v1_8_R3.CraftServer.enablePlugins(CraftServer.java:317) [spigot.jar:git-Spigot-db6de12-18fbb24]
	at net.minecraft.server.v1_8_R3.MinecraftServer.s(MinecraftServer.java:414) [spigot.jar:git-Spigot-db6de12-18fbb24]
	at net.minecraft.server.v1_8_R3.MinecraftServer.k(MinecraftServer.java:378) [spigot.jar:git-Spigot-db6de12-18fbb24]
	at net.minecraft.server.v1_8_R3.MinecraftServer.a(MinecraftServer.java:333) [spigot.jar:git-Spigot-db6de12-18fbb24]
	at net.minecraft.server.v1_8_R3.DedicatedServer.init(DedicatedServer.java:263) [spigot.jar:git-Spigot-db6de12-18fbb24]
	at net.minecraft.server.v1_8_R3.MinecraftServer.run(MinecraftServer.java:525) [spigot.jar:git-Spigot-db6de12-18fbb24]
	at java.lang.Thread.run(Unknown Source) [?:1.8.0_241]
[13:15:04] [Server thread/INFO]: Server permissions file permissions.yml is empty, ignoring it
[13:15:04] [Server thread/INFO]: Done (0.754s)! For help, type "help" or "?"
[13:15:09] [Server thread/INFO]: Added ANZBiscuit to the whitelist
[13:15:19] [Server thread/INFO]: Stopping the server
[13:15:19] [Server thread/INFO]: Stopping server
[13:15:19] [Server thread/INFO]: [Example] Disabling Example v1.0
[13:15:19] [Server thread/INFO]: [Example] onDisable has been invoked!
[13:15:19] [Server thread/INFO]: Saving players
[13:15:19] [Server thread/INFO]: Saving worlds
[13:15:19] [Server thread/INFO]: Saving chunks for level 'pvpmap'/Overworld
[13:15:19] [Server thread/INFO]: Saving chunks for level 'pvpmap_the_end'/The End
